<?xml version="1.0" encoding="UTF-8"?>
<!-- Generated by org.testng.reporters.JUnitReportReporter -->
<testsuite skipped="0" hostname="4c229e85c57a" name="com.searchmodule.test.SearchTest" tests="5" failures="0" timestamp="2022-04-11T06:22:34 UTC" time="22.461" errors="0">
  <testcase name="search" time="3.919" classname="com.searchmodule.test.SearchTest"/>
  <testcase name="search" time="3.279" classname="com.searchmodule.test.SearchTest"/>
  <testcase name="search" time="6.381" classname="com.searchmodule.test.SearchTest"/>
  <testcase name="search" time="3.068" classname="com.searchmodule.test.SearchTest"/>
  <testcase name="search" time="5.814" classname="com.searchmodule.test.SearchTest"/>
</testsuite> <!-- com.searchmodule.test.SearchTest -->
